<?xml version="1.0" encoding="UTF-8"?>
<testsuite name="org.payment.PaymentApplicationTests" tests="1" skipped="0" failures="0" errors="0" timestamp="2022-11-24T09:07:48" hostname="DESKTOP-M4J0N69" time="0.173">
  <properties/>
  <testcase name="insert()" classname="org.payment.PaymentApplicationTests" time="0.173"/>
  <system-out><![CDATA[18:07:42.730 [Test worker] DEBUG org.springframework.test.context.BootstrapUtils - Instantiating CacheAwareContextLoaderDelegate from class [org.springframework.test.context.cache.DefaultCacheAwareContextLoaderDelegate]
18:07:42.755 [Test worker] DEBUG org.springframework.test.context.BootstrapUtils - Instantiating BootstrapContext using constructor [public org.springframework.test.context.support.DefaultBootstrapContext(java.lang.Class,org.springframework.test.context.CacheAwareContextLoaderDelegate)]
18:07:42.797 [Test worker] DEBUG org.springframework.test.context.BootstrapUtils - Instantiating TestContextBootstrapper for test class [org.payment.PaymentApplicationTests] from class [org.springframework.boot.test.context.SpringBootTestContextBootstrapper]
18:07:42.810 [Test worker] INFO org.springframework.boot.test.context.SpringBootTestContextBootstrapper - Neither @ContextConfiguration nor @ContextHierarchy found for test class [org.payment.PaymentApplicationTests], using SpringBootContextLoader
18:07:42.814 [Test worker] DEBUG org.springframework.test.context.support.AbstractContextLoader - Did not detect default resource location for test class [org.payment.PaymentApplicationTests]: class path resource [org/payment/PaymentApplicationTests-context.xml] does not exist
18:07:42.815 [Test worker] DEBUG org.springframework.test.context.support.AbstractContextLoader - Did not detect default resource location for test class [org.payment.PaymentApplicationTests]: class path resource [org/payment/PaymentApplicationTestsContext.groovy] does not exist
18:07:42.815 [Test worker] INFO org.springframework.test.context.support.AbstractContextLoader - Could not detect default resource locations for test class [org.payment.PaymentApplicationTests]: no resource found for suffixes {-context.xml, Context.groovy}.
18:07:42.816 [Test worker] INFO org.springframework.test.context.support.AnnotationConfigContextLoaderUtils - Could not detect default configuration classes for test class [org.payment.PaymentApplicationTests]: PaymentApplicationTests does not declare any static, non-private, non-final, nested classes annotated with @Configuration.
18:07:42.889 [Test worker] DEBUG org.springframework.test.context.support.ActiveProfilesUtils - Could not find an 'annotation declaring class' for annotation type [org.springframework.test.context.ActiveProfiles] and class [org.payment.PaymentApplicationTests]
18:07:42.966 [Test worker] DEBUG org.springframework.context.annotation.ClassPathScanningCandidateComponentProvider - Identified candidate component class: file [D:\sparta\side1-be\PaymentService\payment\build\classes\java\main\org\payment\PaymentApplication.class]
18:07:42.968 [Test worker] INFO org.springframework.boot.test.context.SpringBootTestContextBootstrapper - Found @SpringBootConfiguration org.payment.PaymentApplication for test class org.payment.PaymentApplicationTests
18:07:43.083 [Test worker] DEBUG org.springframework.boot.test.context.SpringBootTestContextBootstrapper - @TestExecutionListeners is not present for class [org.payment.PaymentApplicationTests]: using defaults.
18:07:43.083 [Test worker] INFO org.springframework.boot.test.context.SpringBootTestContextBootstrapper - Loaded default TestExecutionListener class names from location [META-INF/spring.factories]: [org.springframework.boot.test.autoconfigure.restdocs.RestDocsTestExecutionListener, org.springframework.boot.test.autoconfigure.web.client.MockRestServiceServerResetTestExecutionListener, org.springframework.boot.test.autoconfigure.web.servlet.MockMvcPrintOnlyOnFailureTestExecutionListener, org.springframework.boot.test.autoconfigure.web.servlet.WebDriverTestExecutionListener, org.springframework.boot.test.autoconfigure.webservices.client.MockWebServiceServerTestExecutionListener, org.springframework.boot.test.mock.mockito.MockitoTestExecutionListener, org.springframework.boot.test.mock.mockito.ResetMocksTestExecutionListener, org.springframework.test.context.web.ServletTestExecutionListener, org.springframework.test.context.support.DirtiesContextBeforeModesTestExecutionListener, org.springframework.test.context.event.ApplicationEventsTestExecutionListener, org.springframework.test.context.support.DependencyInjectionTestExecutionListener, org.springframework.test.context.support.DirtiesContextTestExecutionListener, org.springframework.test.context.transaction.TransactionalTestExecutionListener, org.springframework.test.context.jdbc.SqlScriptsTestExecutionListener, org.springframework.test.context.event.EventPublishingTestExecutionListener]
18:07:43.100 [Test worker] INFO org.springframework.boot.test.context.SpringBootTestContextBootstrapper - Using TestExecutionListeners: [org.springframework.test.context.web.ServletTestExecutionListener@3a5ecce3, org.springframework.test.context.support.DirtiesContextBeforeModesTestExecutionListener@561868a0, org.springframework.test.context.event.ApplicationEventsTestExecutionListener@2ea6e30c, org.springframework.boot.test.mock.mockito.MockitoTestExecutionListener@6138e79a, org.springframework.boot.test.autoconfigure.SpringBootDependencyInjectionTestExecutionListener@2dcd168a, org.springframework.test.context.support.DirtiesContextTestExecutionListener@388526fb, org.springframework.test.context.transaction.TransactionalTestExecutionListener@21a21c64, org.springframework.test.context.jdbc.SqlScriptsTestExecutionListener@7803bfd, org.springframework.test.context.event.EventPublishingTestExecutionListener@42bc14c1, org.springframework.boot.test.autoconfigure.restdocs.RestDocsTestExecutionListener@531f4093, org.springframework.boot.test.autoconfigure.web.client.MockRestServiceServerResetTestExecutionListener@62ef27a8, org.springframework.boot.test.autoconfigure.web.servlet.MockMvcPrintOnlyOnFailureTestExecutionListener@6436a7db, org.springframework.boot.test.autoconfigure.web.servlet.WebDriverTestExecutionListener@460ebd80, org.springframework.boot.test.autoconfigure.webservices.client.MockWebServiceServerTestExecutionListener@6f3c660a, org.springframework.boot.test.mock.mockito.ResetMocksTestExecutionListener@74f5ce22]
18:07:43.105 [Test worker] DEBUG org.springframework.test.context.support.AbstractDirtiesContextTestExecutionListener - Before test class: context [DefaultTestContext@503ecb24 testClass = PaymentApplicationTests, testInstance = [null], testMethod = [null], testException = [null], mergedContextConfiguration = [WebMergedContextConfiguration@4c51cf28 testClass = PaymentApplicationTests, locations = '{}', classes = '{class org.payment.PaymentApplication}', contextInitializerClasses = '[]', activeProfiles = '{}', propertySourceLocations = '{}', propertySourceProperties = '{org.springframework.boot.test.context.SpringBootTestContextBootstrapper=true}', contextCustomizers = set[org.springframework.boot.test.autoconfigure.actuate.metrics.MetricsExportContextCustomizerFactory$DisableMetricExportContextCustomizer@740fb309, org.springframework.boot.test.autoconfigure.properties.PropertyMappingContextCustomizer@0, org.springframework.boot.test.autoconfigure.web.servlet.WebDriverContextCustomizerFactory$Customizer@57bc27f5, org.springframework.boot.test.context.filter.ExcludeFilterContextCustomizer@d554c5f, org.springframework.boot.test.json.DuplicateJsonObjectContextCustomizerFactory$DuplicateJsonObjectContextCustomizer@6e2829c7, org.springframework.boot.test.mock.mockito.MockitoContextCustomizer@0, org.springframework.boot.test.web.client.TestRestTemplateContextCustomizer@34bde49d, org.springframework.boot.test.web.reactive.server.WebTestClientContextCustomizer@210ab13f, org.springframework.boot.test.context.SpringBootTestArgs@1, org.springframework.boot.test.context.SpringBootTestWebEnvironment@36c88a32], resourceBasePath = 'src/main/webapp', contextLoader = 'org.springframework.boot.test.context.SpringBootContextLoader', parent = [null]], attributes = map['org.springframework.test.context.web.ServletTestExecutionListener.activateListener' -> true]], class annotated with @DirtiesContext [false] with mode [null].
18:07:43,408 |-INFO in ch.qos.logback.core.joran.action.AppenderAction - About to instantiate appender of type [ch.qos.logback.core.ConsoleAppender]
18:07:43,410 |-INFO in ch.qos.logback.core.joran.action.AppenderAction - Naming appender as [console]
18:07:43,416 |-INFO in ch.qos.logback.core.joran.action.NestedComplexPropertyIA - Assuming default type [ch.qos.logback.classic.encoder.PatternLayoutEncoder] for [encoder] property
18:07:43,461 |-INFO in ch.qos.logback.core.joran.action.AppenderAction - About to instantiate appender of type [ch.qos.logback.core.ConsoleAppender]
18:07:43,461 |-INFO in ch.qos.logback.core.joran.action.AppenderAction - Naming appender as [console-infolog]
18:07:43,462 |-INFO in ch.qos.logback.core.joran.action.NestedComplexPropertyIA - Assuming default type [ch.qos.logback.classic.encoder.PatternLayoutEncoder] for [encoder] property
18:07:43,464 |-INFO in ch.qos.logback.classic.joran.action.LoggerAction - Setting level of logger [com.study] to DEBUG
18:07:43,464 |-INFO in ch.qos.logback.classic.jul.LevelChangePropagator@5b58ed3c - Propagating DEBUG level on Logger[com.study] onto the JUL framework
18:07:43,465 |-INFO in ch.qos.logback.classic.joran.action.LoggerAction - Setting level of logger [jdbc.sqlonly] to INFO
18:07:43,465 |-INFO in ch.qos.logback.classic.jul.LevelChangePropagator@5b58ed3c - Propagating INFO level on Logger[jdbc.sqlonly] onto the JUL framework
18:07:43,465 |-INFO in ch.qos.logback.classic.joran.action.LoggerAction - Setting level of logger [jdbc.resultsettable] to INFO
18:07:43,465 |-INFO in ch.qos.logback.classic.jul.LevelChangePropagator@5b58ed3c - Propagating INFO level on Logger[jdbc.resultsettable] onto the JUL framework
18:07:43,465 |-INFO in ch.qos.logback.classic.joran.action.RootLoggerAction - Setting level of ROOT logger to OFF
18:07:43,466 |-INFO in ch.qos.logback.classic.jul.LevelChangePropagator@5b58ed3c - Propagating OFF level on Logger[ROOT] onto the JUL framework
18:07:43,466 |-INFO in ch.qos.logback.core.joran.action.AppenderRefAction - Attaching appender named [console] to Logger[ROOT]
18:07:43,467 |-INFO in ch.qos.logback.classic.joran.action.ConfigurationAction - End of configuration.
18:07:43,467 |-INFO in org.springframework.boot.logging.logback.SpringBootJoranConfigurator@32f0fba8 - Registering current configuration as safe fallback point

  .   ____          _            __ _ _
 /\\ / ___'_ __ _ _(_)_ __  __ _ \ \ \ \
( ( )\___ | '_ | '_| | '_ \/ _` | \ \ \ \
 \\/  ___)| |_)| | | | | || (_| |  ) ) ) )
  '  |____| .__|_| |_|_| |_\__, | / / / /
 =========|_|==============|___/=/_/_/_/
 :: Spring Boot ::                (v2.7.5)

Hibernate: insert into public.payment (consumer_id, expiration_date, payment_due_date, price, product_id, seller_id, subscription_date) values (?, ?, ?, ?, ?, ?, ?)
]]></system-out>
  <system-err><![CDATA[]]></system-err>
</testsuite>
