<?xml version="1.0" encoding="UTF-8"?>
<testsuite name="org.payment.board.BoardTest" tests="1" skipped="0" failures="0" errors="0" timestamp="2022-11-07T04:39:38" hostname="DESKTOP-M4J0N69" time="0.23">
  <properties/>
  <testcase name="delete()" classname="org.payment.board.BoardTest" time="0.23"/>
  <system-out><![CDATA[13:39:34.455 [Test worker] DEBUG org.springframework.test.context.BootstrapUtils - Instantiating CacheAwareContextLoaderDelegate from class [org.springframework.test.context.cache.DefaultCacheAwareContextLoaderDelegate]
13:39:34.466 [Test worker] DEBUG org.springframework.test.context.BootstrapUtils - Instantiating BootstrapContext using constructor [public org.springframework.test.context.support.DefaultBootstrapContext(java.lang.Class,org.springframework.test.context.CacheAwareContextLoaderDelegate)]
13:39:34.498 [Test worker] DEBUG org.springframework.test.context.BootstrapUtils - Instantiating TestContextBootstrapper for test class [org.payment.board.BoardTest] from class [org.springframework.boot.test.context.SpringBootTestContextBootstrapper]
13:39:34.508 [Test worker] INFO org.springframework.boot.test.context.SpringBootTestContextBootstrapper - Neither @ContextConfiguration nor @ContextHierarchy found for test class [org.payment.board.BoardTest], using SpringBootContextLoader
13:39:34.512 [Test worker] DEBUG org.springframework.test.context.support.AbstractContextLoader - Did not detect default resource location for test class [org.payment.board.BoardTest]: class path resource [org/payment/board/BoardTest-context.xml] does not exist
13:39:34.513 [Test worker] DEBUG org.springframework.test.context.support.AbstractContextLoader - Did not detect default resource location for test class [org.payment.board.BoardTest]: class path resource [org/payment/board/BoardTestContext.groovy] does not exist
13:39:34.513 [Test worker] INFO org.springframework.test.context.support.AbstractContextLoader - Could not detect default resource locations for test class [org.payment.board.BoardTest]: no resource found for suffixes {-context.xml, Context.groovy}.
13:39:34.514 [Test worker] INFO org.springframework.test.context.support.AnnotationConfigContextLoaderUtils - Could not detect default configuration classes for test class [org.payment.board.BoardTest]: BoardTest does not declare any static, non-private, non-final, nested classes annotated with @Configuration.
13:39:34.561 [Test worker] DEBUG org.springframework.test.context.support.ActiveProfilesUtils - Could not find an 'annotation declaring class' for annotation type [org.springframework.test.context.ActiveProfiles] and class [org.payment.board.BoardTest]
13:39:34.613 [Test worker] DEBUG org.springframework.context.annotation.ClassPathScanningCandidateComponentProvider - Identified candidate component class: file [D:\sparta\nb_side_BE\side1-be\PaymentService\payment\payment\build\classes\java\main\org\payment\PaymentApplication.class]
13:39:34.615 [Test worker] INFO org.springframework.boot.test.context.SpringBootTestContextBootstrapper - Found @SpringBootConfiguration org.payment.PaymentApplication for test class org.payment.board.BoardTest
13:39:34.710 [Test worker] DEBUG org.springframework.boot.test.context.SpringBootTestContextBootstrapper - @TestExecutionListeners is not present for class [org.payment.board.BoardTest]: using defaults.
13:39:34.711 [Test worker] INFO org.springframework.boot.test.context.SpringBootTestContextBootstrapper - Loaded default TestExecutionListener class names from location [META-INF/spring.factories]: [org.springframework.boot.test.autoconfigure.restdocs.RestDocsTestExecutionListener, org.springframework.boot.test.autoconfigure.web.client.MockRestServiceServerResetTestExecutionListener, org.springframework.boot.test.autoconfigure.web.servlet.MockMvcPrintOnlyOnFailureTestExecutionListener, org.springframework.boot.test.autoconfigure.web.servlet.WebDriverTestExecutionListener, org.springframework.boot.test.autoconfigure.webservices.client.MockWebServiceServerTestExecutionListener, org.springframework.boot.test.mock.mockito.MockitoTestExecutionListener, org.springframework.boot.test.mock.mockito.ResetMocksTestExecutionListener, org.springframework.test.context.web.ServletTestExecutionListener, org.springframework.test.context.support.DirtiesContextBeforeModesTestExecutionListener, org.springframework.test.context.event.ApplicationEventsTestExecutionListener, org.springframework.test.context.support.DependencyInjectionTestExecutionListener, org.springframework.test.context.support.DirtiesContextTestExecutionListener, org.springframework.test.context.transaction.TransactionalTestExecutionListener, org.springframework.test.context.jdbc.SqlScriptsTestExecutionListener, org.springframework.test.context.event.EventPublishingTestExecutionListener]
13:39:34.729 [Test worker] INFO org.springframework.boot.test.context.SpringBootTestContextBootstrapper - Using TestExecutionListeners: [org.springframework.test.context.web.ServletTestExecutionListener@4ed5eb72, org.springframework.test.context.support.DirtiesContextBeforeModesTestExecutionListener@12f9af83, org.springframework.test.context.event.ApplicationEventsTestExecutionListener@19b93fa8, org.springframework.boot.test.mock.mockito.MockitoTestExecutionListener@7e6ef134, org.springframework.boot.test.autoconfigure.SpringBootDependencyInjectionTestExecutionListener@1f010bf0, org.springframework.test.context.support.DirtiesContextTestExecutionListener@40db2a24, org.springframework.test.context.transaction.TransactionalTestExecutionListener@10cf09e8, org.springframework.test.context.jdbc.SqlScriptsTestExecutionListener@1921ad94, org.springframework.test.context.event.EventPublishingTestExecutionListener@ee86bcb, org.springframework.boot.test.autoconfigure.restdocs.RestDocsTestExecutionListener@177bea38, org.springframework.boot.test.autoconfigure.web.client.MockRestServiceServerResetTestExecutionListener@7f132176, org.springframework.boot.test.autoconfigure.web.servlet.MockMvcPrintOnlyOnFailureTestExecutionListener@6bca7e0d, org.springframework.boot.test.autoconfigure.web.servlet.WebDriverTestExecutionListener@2631f68c, org.springframework.boot.test.autoconfigure.webservices.client.MockWebServiceServerTestExecutionListener@6ed3f258, org.springframework.boot.test.mock.mockito.ResetMocksTestExecutionListener@8ad6665]
13:39:34.733 [Test worker] DEBUG org.springframework.test.context.support.AbstractDirtiesContextTestExecutionListener - Before test class: context [DefaultTestContext@3d1848cc testClass = BoardTest, testInstance = [null], testMethod = [null], testException = [null], mergedContextConfiguration = [WebMergedContextConfiguration@7dda48d9 testClass = BoardTest, locations = '{}', classes = '{class org.payment.PaymentApplication}', contextInitializerClasses = '[]', activeProfiles = '{}', propertySourceLocations = '{}', propertySourceProperties = '{org.springframework.boot.test.context.SpringBootTestContextBootstrapper=true}', contextCustomizers = set[org.springframework.boot.test.autoconfigure.actuate.metrics.MetricsExportContextCustomizerFactory$DisableMetricExportContextCustomizer@70cf32e3, org.springframework.boot.test.autoconfigure.properties.PropertyMappingContextCustomizer@0, org.springframework.boot.test.autoconfigure.web.servlet.WebDriverContextCustomizerFactory$Customizer@6f204a1a, org.springframework.boot.test.context.filter.ExcludeFilterContextCustomizer@3cce5371, org.springframework.boot.test.json.DuplicateJsonObjectContextCustomizerFactory$DuplicateJsonObjectContextCustomizer@338fc1d8, org.springframework.boot.test.mock.mockito.MockitoContextCustomizer@0, org.springframework.boot.test.web.client.TestRestTemplateContextCustomizer@dc7df28, org.springframework.boot.test.context.SpringBootTestArgs@1, org.springframework.boot.test.context.SpringBootTestWebEnvironment@3967e60c], resourceBasePath = 'src/main/webapp', contextLoader = 'org.springframework.boot.test.context.SpringBootContextLoader', parent = [null]], attributes = map['org.springframework.test.context.web.ServletTestExecutionListener.activateListener' -> true]], class annotated with @DirtiesContext [false] with mode [null].
13:39:34,975 |-INFO in ch.qos.logback.core.joran.action.AppenderAction - About to instantiate appender of type [ch.qos.logback.core.ConsoleAppender]
13:39:34,975 |-INFO in ch.qos.logback.core.joran.action.AppenderAction - Naming appender as [console]
13:39:34,979 |-INFO in ch.qos.logback.core.joran.action.NestedComplexPropertyIA - Assuming default type [ch.qos.logback.classic.encoder.PatternLayoutEncoder] for [encoder] property
13:39:34,996 |-INFO in ch.qos.logback.core.joran.action.AppenderAction - About to instantiate appender of type [ch.qos.logback.core.ConsoleAppender]
13:39:34,996 |-INFO in ch.qos.logback.core.joran.action.AppenderAction - Naming appender as [console-infolog]
13:39:34,996 |-INFO in ch.qos.logback.core.joran.action.NestedComplexPropertyIA - Assuming default type [ch.qos.logback.classic.encoder.PatternLayoutEncoder] for [encoder] property
13:39:34,997 |-INFO in ch.qos.logback.classic.joran.action.LoggerAction - Setting level of logger [com.study] to DEBUG
13:39:34,997 |-INFO in ch.qos.logback.classic.jul.LevelChangePropagator@2488b073 - Propagating DEBUG level on Logger[com.study] onto the JUL framework
13:39:34,998 |-INFO in ch.qos.logback.classic.joran.action.LoggerAction - Setting level of logger [jdbc.sqlonly] to INFO
13:39:34,998 |-INFO in ch.qos.logback.classic.jul.LevelChangePropagator@2488b073 - Propagating INFO level on Logger[jdbc.sqlonly] onto the JUL framework
13:39:34,998 |-INFO in ch.qos.logback.classic.joran.action.LoggerAction - Setting level of logger [jdbc.resultsettable] to INFO
13:39:34,998 |-INFO in ch.qos.logback.classic.jul.LevelChangePropagator@2488b073 - Propagating INFO level on Logger[jdbc.resultsettable] onto the JUL framework
13:39:34,999 |-INFO in ch.qos.logback.classic.joran.action.RootLoggerAction - Setting level of ROOT logger to OFF
13:39:34,999 |-INFO in ch.qos.logback.classic.jul.LevelChangePropagator@2488b073 - Propagating OFF level on Logger[ROOT] onto the JUL framework
13:39:34,999 |-INFO in ch.qos.logback.core.joran.action.AppenderRefAction - Attaching appender named [console] to Logger[ROOT]
13:39:35,000 |-INFO in ch.qos.logback.classic.joran.action.ConfigurationAction - End of configuration.
13:39:35,000 |-INFO in org.springframework.boot.logging.logback.SpringBootJoranConfigurator@3276732 - Registering current configuration as safe fallback point

  .   ____          _            __ _ _
 /\\ / ___'_ __ _ _(_)_ __  __ _ \ \ \ \
( ( )\___ | '_ | '_| | '_ \/ _` | \ \ \ \
 \\/  ___)| |_)| | | | | || (_| |  ) ) ) )
  '  |____| .__|_| |_|_| |_\__, | / / / /
 =========|_|==============|___/=/_/_/_/
 :: Spring Boot ::                (v2.7.5)

Hibernate: 
    select
        board0_.id as id1_0_0_,
        board0_.content as content2_0_0_,
        board0_.title as title3_0_0_,
        board0_.writer as writer4_0_0_ 
    from
        board board0_ 
    where
        board0_.id=?
Hibernate: 
    select
        board0_.id as id1_0_0_,
        board0_.content as content2_0_0_,
        board0_.title as title3_0_0_,
        board0_.writer as writer4_0_0_ 
    from
        board board0_ 
    where
        board0_.id=?
Hibernate: 
    /* delete org.payment.entity.Board */ delete 
        from
            board 
        where
            id=?
]]></system-out>
  <system-err><![CDATA[]]></system-err>
</testsuite>
